{"/Users/toshi/git/snm-app/enzymeSetup.js": {"path":"/Users/toshi/git/snm-app/enzymeSetup.js","statementMap":{"0":{"start":{"line":1,"column":15},"end":{"line":1,"column":32}},"1":{"start":{"line":2,"column":22},"end":{"line":2,"column":56}},"2":{"start":{"line":4,"column":0},"end":{"line":4,"column":51}}},"fnMap":{},"branchMap":{},"s":{"0":20,"1":20,"2":20},"f":{},"b":{},"_coverageSchema":"332fd63041d2c1bcb487cc26dd0d5f7d97098a6c","hash":"d97fa1f0a5ec0ed498d9faf2bbf8c8e68c5118b8"}
,"/Users/toshi/git/snm-app/src/actions/authentication.js": {"path":"/Users/toshi/git/snm-app/src/actions/authentication.js","statementMap":{"0":{"start":{"line":3,"column":32},"end":{"line":3,"column":65}},"1":{"start":{"line":4,"column":30},"end":{"line":4,"column":60}},"2":{"start":{"line":6,"column":23},"end":{"line":6,"column":47}},"3":{"start":{"line":7,"column":22},"end":{"line":7,"column":43}},"4":{"start":{"line":9,"column":23},"end":{"line":9,"column":47}},"5":{"start":{"line":10,"column":22},"end":{"line":10,"column":43}},"6":{"start":{"line":12,"column":24},"end":{"line":12,"column":49}},"7":{"start":{"line":13,"column":23},"end":{"line":13,"column":45}},"8":{"start":{"line":15,"column":28},"end":{"line":15,"column":57}},"9":{"start":{"line":16,"column":26},"end":{"line":16,"column":52}},"10":{"start":{"line":18,"column":30},"end":{"line":18,"column":61}},"11":{"start":{"line":19,"column":28},"end":{"line":19,"column":56}}},"fnMap":{},"branchMap":{},"s":{"0":8,"1":8,"2":8,"3":8,"4":8,"5":8,"6":8,"7":8,"8":8,"9":8,"10":8,"11":8},"f":{},"b":{},"_coverageSchema":"332fd63041d2c1bcb487cc26dd0d5f7d97098a6c","hash":"cb678eba37777c2991e45f15b425d9f472687f93"}
,"/Users/toshi/git/snm-app/src/actions/main.js": {"path":"/Users/toshi/git/snm-app/src/actions/main.js","statementMap":{"0":{"start":{"line":3,"column":29},"end":{"line":3,"column":49}},"1":{"start":{"line":4,"column":27},"end":{"line":4,"column":54}}},"fnMap":{},"branchMap":{},"s":{"0":4,"1":4},"f":{},"b":{},"_coverageSchema":"332fd63041d2c1bcb487cc26dd0d5f7d97098a6c","hash":"c02f295492024c05842e89f868d3c1ad639f5fb4"}
,"/Users/toshi/git/snm-app/src/common/globalConstants.js": {"path":"/Users/toshi/git/snm-app/src/common/globalConstants.js","statementMap":{"0":{"start":{"line":1,"column":18},"end":{"line":5,"column":1}},"1":{"start":{"line":7,"column":21},"end":{"line":7,"column":23}},"2":{"start":{"line":8,"column":21},"end":{"line":8,"column":23}}},"fnMap":{},"branchMap":{},"s":{"0":10,"1":10,"2":10},"f":{},"b":{},"_coverageSchema":"332fd63041d2c1bcb487cc26dd0d5f7d97098a6c","hash":"3ad1b2f1308b9735c138d9055bdb8fe25a241c82"}
,"/Users/toshi/git/snm-app/src/common/globalStyleConstants.js": {"path":"/Users/toshi/git/snm-app/src/common/globalStyleConstants.js","statementMap":{"0":{"start":{"line":1,"column":14},"end":{"line":5,"column":1}},"1":{"start":{"line":7,"column":15},"end":{"line":7,"column":17}}},"fnMap":{},"branchMap":{},"s":{"0":6,"1":6},"f":{},"b":{},"_coverageSchema":"332fd63041d2c1bcb487cc26dd0d5f7d97098a6c","hash":"d32f110d8a2180c5c00c8d727ec7e3a2b543f933"}
,"/Users/toshi/git/snm-app/src/components/header/constants.js": {"path":"/Users/toshi/git/snm-app/src/components/header/constants.js","statementMap":{"0":{"start":{"line":1,"column":13},"end":{"line":3,"column":1}},"1":{"start":{"line":5,"column":14},"end":{"line":7,"column":1}},"2":{"start":{"line":9,"column":13},"end":{"line":11,"column":1}}},"fnMap":{},"branchMap":{},"s":{"0":3,"1":3,"2":3},"f":{},"b":{},"_coverageSchema":"332fd63041d2c1bcb487cc26dd0d5f7d97098a6c","hash":"e61800eeb86b07b9ff1148a1c31899f420f9bf4f"}
,"/Users/toshi/git/snm-app/src/components/header/index.js": {"path":"/Users/toshi/git/snm-app/src/components/header/index.js","statementMap":{"0":{"start":{"line":21,"column":44},"end":{"line":21,"column":54}},"1":{"start":{"line":22,"column":4},"end":{"line":39,"column":6}},"2":{"start":{"line":28,"column":27},"end":{"line":28,"column":55}}},"fnMap":{"0":{"name":"(anonymous_0)","decl":{"start":{"line":20,"column":2},"end":{"line":20,"column":3}},"loc":{"start":{"line":20,"column":11},"end":{"line":40,"column":3}},"line":20},"1":{"name":"(anonymous_1)","decl":{"start":{"line":28,"column":21},"end":{"line":28,"column":22}},"loc":{"start":{"line":28,"column":27},"end":{"line":28,"column":55}},"line":28}},"branchMap":{},"s":{"0":2,"1":2,"2":1},"f":{"0":2,"1":1},"b":{},"_coverageSchema":"332fd63041d2c1bcb487cc26dd0d5f7d97098a6c","hash":"87f7d4ba27e21ff3392f258574ab7d33ace6af99"}
,"/Users/toshi/git/snm-app/src/components/header/styles.js": {"path":"/Users/toshi/git/snm-app/src/components/header/styles.js","statementMap":{},"fnMap":{},"branchMap":{},"s":{},"f":{},"b":{},"_coverageSchema":"332fd63041d2c1bcb487cc26dd0d5f7d97098a6c","hash":"740a5063df2dfa87b1c91260e590834066d60bb9"}
,"/Users/toshi/git/snm-app/src/components/main/index.js": {"path":"/Users/toshi/git/snm-app/src/components/main/index.js","statementMap":{"0":{"start":{"line":7,"column":21},"end":{"line":10,"column":1}},"1":{"start":{"line":20,"column":31},"end":{"line":20,"column":41}},"2":{"start":{"line":21,"column":4},"end":{"line":21,"column":21}},"3":{"start":{"line":25,"column":44},"end":{"line":25,"column":54}},"4":{"start":{"line":26,"column":4},"end":{"line":44,"column":6}},"5":{"start":{"line":30,"column":10},"end":{"line":32,"column":11}},"6":{"start":{"line":31,"column":12},"end":{"line":31,"column":31}}},"fnMap":{"0":{"name":"(anonymous_0)","decl":{"start":{"line":19,"column":2},"end":{"line":19,"column":3}},"loc":{"start":{"line":19,"column":25},"end":{"line":22,"column":3}},"line":19},"1":{"name":"(anonymous_1)","decl":{"start":{"line":24,"column":2},"end":{"line":24,"column":3}},"loc":{"start":{"line":24,"column":11},"end":{"line":45,"column":3}},"line":24},"2":{"name":"(anonymous_2)","decl":{"start":{"line":29,"column":17},"end":{"line":29,"column":18}},"loc":{"start":{"line":29,"column":23},"end":{"line":33,"column":9}},"line":29}},"branchMap":{"0":{"loc":{"start":{"line":30,"column":10},"end":{"line":32,"column":11}},"type":"if","locations":[{"start":{"line":30,"column":10},"end":{"line":32,"column":11}},{"start":{"line":30,"column":10},"end":{"line":32,"column":11}}],"line":30}},"s":{"0":1,"1":0,"2":0,"3":0,"4":0,"5":0,"6":0},"f":{"0":0,"1":0,"2":0},"b":{"0":[0,0]},"_coverageSchema":"332fd63041d2c1bcb487cc26dd0d5f7d97098a6c","hash":"95d32e2cf2499835934c304664e9beabc3b90cd2"}
,"/Users/toshi/git/snm-app/src/components/main/map.js": {"path":"/Users/toshi/git/snm-app/src/components/main/map.js","statementMap":{"0":{"start":{"line":6,"column":4},"end":{"line":16,"column":6}}},"fnMap":{"0":{"name":"(anonymous_0)","decl":{"start":{"line":5,"column":2},"end":{"line":5,"column":3}},"loc":{"start":{"line":5,"column":11},"end":{"line":17,"column":3}},"line":5}},"branchMap":{},"s":{"0":0},"f":{"0":0},"b":{},"_coverageSchema":"332fd63041d2c1bcb487cc26dd0d5f7d97098a6c","hash":"b6ec2ae95140a61cf1c3138c3087fadabd128cce"}
,"/Users/toshi/git/snm-app/src/components/sideNav/constants.js": {"path":"/Users/toshi/git/snm-app/src/components/sideNav/constants.js","statementMap":{"0":{"start":{"line":1,"column":13},"end":{"line":4,"column":1}},"1":{"start":{"line":6,"column":14},"end":{"line":6,"column":16}}},"fnMap":{},"branchMap":{},"s":{"0":4,"1":4},"f":{},"b":{},"_coverageSchema":"332fd63041d2c1bcb487cc26dd0d5f7d97098a6c","hash":"c3a63569503f7937bedd8aaaa771650198199922"}
,"/Users/toshi/git/snm-app/src/components/sideNav/mainMenu.js": {"path":"/Users/toshi/git/snm-app/src/components/sideNav/mainMenu.js","statementMap":{"0":{"start":{"line":12,"column":24},"end":{"line":12,"column":34}},"1":{"start":{"line":13,"column":4},"end":{"line":26,"column":6}},"2":{"start":{"line":20,"column":46},"end":{"line":20,"column":55}}},"fnMap":{"0":{"name":"(anonymous_0)","decl":{"start":{"line":11,"column":2},"end":{"line":11,"column":3}},"loc":{"start":{"line":11,"column":11},"end":{"line":27,"column":3}},"line":11},"1":{"name":"(anonymous_1)","decl":{"start":{"line":20,"column":40},"end":{"line":20,"column":41}},"loc":{"start":{"line":20,"column":46},"end":{"line":20,"column":55}},"line":20}},"branchMap":{},"s":{"0":2,"1":2,"2":1},"f":{"0":2,"1":1},"b":{},"_coverageSchema":"332fd63041d2c1bcb487cc26dd0d5f7d97098a6c","hash":"6d0580b7d7549a33d1eb5568d5ef2580ba3319c8"}
,"/Users/toshi/git/snm-app/src/components/signIn/constants.js": {"path":"/Users/toshi/git/snm-app/src/components/signIn/constants.js","statementMap":{"0":{"start":{"line":1,"column":13},"end":{"line":4,"column":1}},"1":{"start":{"line":6,"column":14},"end":{"line":6,"column":16}}},"fnMap":{},"branchMap":{},"s":{"0":3,"1":3},"f":{},"b":{},"_coverageSchema":"332fd63041d2c1bcb487cc26dd0d5f7d97098a6c","hash":"f7f59b51475e2b4f5d4c877184f29a7bcc2510dc"}
,"/Users/toshi/git/snm-app/src/components/signIn/index.js": {"path":"/Users/toshi/git/snm-app/src/components/signIn/index.js","statementMap":{"0":{"start":{"line":26,"column":31},"end":{"line":26,"column":41}},"1":{"start":{"line":27,"column":4},"end":{"line":27,"column":21}},"2":{"start":{"line":31,"column":39},"end":{"line":31,"column":49}},"3":{"start":{"line":32,"column":32},"end":{"line":32,"column":42}},"4":{"start":{"line":33,"column":4},"end":{"line":65,"column":6}},"5":{"start":{"line":37,"column":33},"end":{"line":37,"column":64}},"6":{"start":{"line":45,"column":33},"end":{"line":45,"column":67}},"7":{"start":{"line":56,"column":25},"end":{"line":56,"column":52}},"8":{"start":{"line":62,"column":25},"end":{"line":62,"column":41}}},"fnMap":{"0":{"name":"(anonymous_0)","decl":{"start":{"line":25,"column":2},"end":{"line":25,"column":3}},"loc":{"start":{"line":25,"column":23},"end":{"line":28,"column":3}},"line":25},"1":{"name":"(anonymous_1)","decl":{"start":{"line":30,"column":2},"end":{"line":30,"column":3}},"loc":{"start":{"line":30,"column":11},"end":{"line":66,"column":3}},"line":30},"2":{"name":"(anonymous_2)","decl":{"start":{"line":37,"column":24},"end":{"line":37,"column":25}},"loc":{"start":{"line":37,"column":33},"end":{"line":37,"column":64}},"line":37},"3":{"name":"(anonymous_3)","decl":{"start":{"line":45,"column":24},"end":{"line":45,"column":25}},"loc":{"start":{"line":45,"column":33},"end":{"line":45,"column":67}},"line":45},"4":{"name":"(anonymous_4)","decl":{"start":{"line":56,"column":19},"end":{"line":56,"column":20}},"loc":{"start":{"line":56,"column":25},"end":{"line":56,"column":52}},"line":56},"5":{"name":"(anonymous_5)","decl":{"start":{"line":62,"column":19},"end":{"line":62,"column":20}},"loc":{"start":{"line":62,"column":25},"end":{"line":62,"column":41}},"line":62}},"branchMap":{},"s":{"0":2,"1":2,"2":2,"3":2,"4":2,"5":0,"6":0,"7":1,"8":1},"f":{"0":2,"1":2,"2":0,"3":0,"4":1,"5":1},"b":{},"_coverageSchema":"332fd63041d2c1bcb487cc26dd0d5f7d97098a6c","hash":"28766752d9f191ef7bb500b0a4485c48f5258b6a"}
,"/Users/toshi/git/snm-app/src/components/signIn/styles.js": {"path":"/Users/toshi/git/snm-app/src/components/signIn/styles.js","statementMap":{},"fnMap":{},"branchMap":{},"s":{},"f":{},"b":{},"_coverageSchema":"332fd63041d2c1bcb487cc26dd0d5f7d97098a6c","hash":"b159f2a853b72ff855d4fd186efb6ef94d276774"}
,"/Users/toshi/git/snm-app/src/components/signUp/constants.js": {"path":"/Users/toshi/git/snm-app/src/components/signUp/constants.js","statementMap":{"0":{"start":{"line":1,"column":13},"end":{"line":4,"column":1}},"1":{"start":{"line":6,"column":14},"end":{"line":6,"column":16}}},"fnMap":{},"branchMap":{},"s":{"0":3,"1":3},"f":{},"b":{},"_coverageSchema":"332fd63041d2c1bcb487cc26dd0d5f7d97098a6c","hash":"d65f637f741bf69e9516cb71c7b430d6e520dcac"}
,"/Users/toshi/git/snm-app/src/components/signUp/index.js": {"path":"/Users/toshi/git/snm-app/src/components/signUp/index.js","statementMap":{"0":{"start":{"line":24,"column":23},"end":{"line":24,"column":33}},"1":{"start":{"line":25,"column":32},"end":{"line":25,"column":42}},"2":{"start":{"line":26,"column":4},"end":{"line":50,"column":6}},"3":{"start":{"line":30,"column":33},"end":{"line":30,"column":64}},"4":{"start":{"line":38,"column":33},"end":{"line":38,"column":67}},"5":{"start":{"line":47,"column":25},"end":{"line":47,"column":52}}},"fnMap":{"0":{"name":"(anonymous_0)","decl":{"start":{"line":23,"column":2},"end":{"line":23,"column":3}},"loc":{"start":{"line":23,"column":11},"end":{"line":51,"column":3}},"line":23},"1":{"name":"(anonymous_1)","decl":{"start":{"line":30,"column":24},"end":{"line":30,"column":25}},"loc":{"start":{"line":30,"column":33},"end":{"line":30,"column":64}},"line":30},"2":{"name":"(anonymous_2)","decl":{"start":{"line":38,"column":24},"end":{"line":38,"column":25}},"loc":{"start":{"line":38,"column":33},"end":{"line":38,"column":67}},"line":38},"3":{"name":"(anonymous_3)","decl":{"start":{"line":47,"column":19},"end":{"line":47,"column":20}},"loc":{"start":{"line":47,"column":25},"end":{"line":47,"column":52}},"line":47}},"branchMap":{},"s":{"0":2,"1":2,"2":2,"3":0,"4":0,"5":1},"f":{"0":2,"1":0,"2":0,"3":1},"b":{},"_coverageSchema":"332fd63041d2c1bcb487cc26dd0d5f7d97098a6c","hash":"536c67e3fab4ab623c346effa3227b314513531a"}
,"/Users/toshi/git/snm-app/src/components/signUp/styles.js": {"path":"/Users/toshi/git/snm-app/src/components/signUp/styles.js","statementMap":{},"fnMap":{},"branchMap":{},"s":{},"f":{},"b":{},"_coverageSchema":"332fd63041d2c1bcb487cc26dd0d5f7d97098a6c","hash":"8cd97df72cc46e9834ef5acb3d05bb2b35e3392e"}
,"/Users/toshi/git/snm-app/src/containers/header/index.js": {"path":"/Users/toshi/git/snm-app/src/containers/header/index.js","statementMap":{"0":{"start":{"line":6,"column":2},"end":{"line":8,"column":4}},"1":{"start":{"line":12,"column":2},"end":{"line":14,"column":4}},"2":{"start":{"line":13,"column":35},"end":{"line":13,"column":72}}},"fnMap":{"0":{"name":"mapStateToProps","decl":{"start":{"line":5,"column":9},"end":{"line":5,"column":24}},"loc":{"start":{"line":5,"column":32},"end":{"line":9,"column":1}},"line":5},"1":{"name":"mapDispatchToProps","decl":{"start":{"line":11,"column":9},"end":{"line":11,"column":27}},"loc":{"start":{"line":11,"column":38},"end":{"line":15,"column":1}},"line":11},"2":{"name":"(anonymous_2)","decl":{"start":{"line":13,"column":17},"end":{"line":13,"column":18}},"loc":{"start":{"line":13,"column":35},"end":{"line":13,"column":72}},"line":13}},"branchMap":{},"s":{"0":1,"1":1,"2":1},"f":{"0":1,"1":1,"2":1},"b":{},"_coverageSchema":"332fd63041d2c1bcb487cc26dd0d5f7d97098a6c","hash":"796421352d8ea9d17fa67f51edbcfbc49db12a67"}
,"/Users/toshi/git/snm-app/src/containers/main/index.js": {"path":"/Users/toshi/git/snm-app/src/containers/main/index.js","statementMap":{"0":{"start":{"line":7,"column":2},"end":{"line":9,"column":4}},"1":{"start":{"line":13,"column":2},"end":{"line":16,"column":4}},"2":{"start":{"line":14,"column":26},"end":{"line":14,"column":52}},"3":{"start":{"line":15,"column":35},"end":{"line":15,"column":72}}},"fnMap":{"0":{"name":"mapStateToProps","decl":{"start":{"line":6,"column":9},"end":{"line":6,"column":24}},"loc":{"start":{"line":6,"column":32},"end":{"line":10,"column":1}},"line":6},"1":{"name":"mapDispatchToProps","decl":{"start":{"line":12,"column":9},"end":{"line":12,"column":27}},"loc":{"start":{"line":12,"column":38},"end":{"line":17,"column":1}},"line":12},"2":{"name":"(anonymous_2)","decl":{"start":{"line":14,"column":20},"end":{"line":14,"column":21}},"loc":{"start":{"line":14,"column":26},"end":{"line":14,"column":52}},"line":14},"3":{"name":"(anonymous_3)","decl":{"start":{"line":15,"column":17},"end":{"line":15,"column":18}},"loc":{"start":{"line":15,"column":35},"end":{"line":15,"column":72}},"line":15}},"branchMap":{},"s":{"0":1,"1":1,"2":1,"3":1},"f":{"0":1,"1":1,"2":1,"3":1},"b":{},"_coverageSchema":"332fd63041d2c1bcb487cc26dd0d5f7d97098a6c","hash":"a4b4644f2a8c7be8e8135289e02295cbdb8c22a3"}
,"/Users/toshi/git/snm-app/src/containers/sideNav/mainMenu.js": {"path":"/Users/toshi/git/snm-app/src/containers/sideNav/mainMenu.js","statementMap":{"0":{"start":{"line":6,"column":2},"end":{"line":8,"column":4}},"1":{"start":{"line":12,"column":2},"end":{"line":14,"column":4}},"2":{"start":{"line":13,"column":19},"end":{"line":13,"column":38}}},"fnMap":{"0":{"name":"mapStateToProps","decl":{"start":{"line":5,"column":9},"end":{"line":5,"column":24}},"loc":{"start":{"line":5,"column":32},"end":{"line":9,"column":1}},"line":5},"1":{"name":"mapDispatchToProps","decl":{"start":{"line":11,"column":9},"end":{"line":11,"column":27}},"loc":{"start":{"line":11,"column":38},"end":{"line":15,"column":1}},"line":11},"2":{"name":"(anonymous_2)","decl":{"start":{"line":13,"column":13},"end":{"line":13,"column":14}},"loc":{"start":{"line":13,"column":19},"end":{"line":13,"column":38}},"line":13}},"branchMap":{},"s":{"0":1,"1":1,"2":1},"f":{"0":1,"1":1,"2":1},"b":{},"_coverageSchema":"332fd63041d2c1bcb487cc26dd0d5f7d97098a6c","hash":"11ec7d3b091f2d13ad127d73eaf410769d4aa2f7"}
,"/Users/toshi/git/snm-app/src/containers/signIn/index.js": {"path":"/Users/toshi/git/snm-app/src/containers/signIn/index.js","statementMap":{"0":{"start":{"line":8,"column":2},"end":{"line":12,"column":4}},"1":{"start":{"line":9,"column":26},"end":{"line":9,"column":52}},"2":{"start":{"line":10,"column":24},"end":{"line":10,"column":50}},"3":{"start":{"line":11,"column":26},"end":{"line":11,"column":96}}},"fnMap":{"0":{"name":"mapDispatchToProps","decl":{"start":{"line":7,"column":9},"end":{"line":7,"column":27}},"loc":{"start":{"line":7,"column":38},"end":{"line":13,"column":1}},"line":7},"1":{"name":"(anonymous_1)","decl":{"start":{"line":9,"column":20},"end":{"line":9,"column":21}},"loc":{"start":{"line":9,"column":26},"end":{"line":9,"column":52}},"line":9},"2":{"name":"(anonymous_2)","decl":{"start":{"line":10,"column":12},"end":{"line":10,"column":13}},"loc":{"start":{"line":10,"column":24},"end":{"line":10,"column":50}},"line":10},"3":{"name":"(anonymous_3)","decl":{"start":{"line":11,"column":20},"end":{"line":11,"column":21}},"loc":{"start":{"line":11,"column":26},"end":{"line":11,"column":96}},"line":11}},"branchMap":{},"s":{"0":1,"1":1,"2":1,"3":1},"f":{"0":1,"1":1,"2":1,"3":1},"b":{},"_coverageSchema":"332fd63041d2c1bcb487cc26dd0d5f7d97098a6c","hash":"01e5ec792048888a0362bdb7b5c6305b7665ca4a"}
,"/Users/toshi/git/snm-app/src/containers/signUp/index.js": {"path":"/Users/toshi/git/snm-app/src/containers/signUp/index.js","statementMap":{"0":{"start":{"line":6,"column":2},"end":{"line":8,"column":4}},"1":{"start":{"line":7,"column":24},"end":{"line":7,"column":50}}},"fnMap":{"0":{"name":"mapDispatchToProps","decl":{"start":{"line":5,"column":9},"end":{"line":5,"column":27}},"loc":{"start":{"line":5,"column":38},"end":{"line":9,"column":1}},"line":5},"1":{"name":"(anonymous_1)","decl":{"start":{"line":7,"column":12},"end":{"line":7,"column":13}},"loc":{"start":{"line":7,"column":24},"end":{"line":7,"column":50}},"line":7}},"branchMap":{},"s":{"0":1,"1":1},"f":{"0":1,"1":1},"b":{},"_coverageSchema":"332fd63041d2c1bcb487cc26dd0d5f7d97098a6c","hash":"a041b4be24e9cf84f64391beee07617c8c012712"}
,"/Users/toshi/git/snm-app/src/daos/authentication.js": {"path":"/Users/toshi/git/snm-app/src/daos/authentication.js","statementMap":{"0":{"start":{"line":4,"column":20},"end":{"line":4,"column":53}},"1":{"start":{"line":4,"column":26},"end":{"line":4,"column":53}},"2":{"start":{"line":7,"column":15},"end":{"line":7,"column":30}},"3":{"start":{"line":8,"column":2},"end":{"line":8,"column":96}},"4":{"start":{"line":12,"column":15},"end":{"line":12,"column":30}},"5":{"start":{"line":13,"column":2},"end":{"line":13,"column":100}},"6":{"start":{"line":17,"column":15},"end":{"line":17,"column":30}},"7":{"start":{"line":18,"column":2},"end":{"line":18,"column":42}}},"fnMap":{"0":{"name":"(anonymous_0)","decl":{"start":{"line":4,"column":20},"end":{"line":4,"column":21}},"loc":{"start":{"line":4,"column":26},"end":{"line":4,"column":53}},"line":4},"1":{"name":"signInWithEmailAndPassword","decl":{"start":{"line":6,"column":10},"end":{"line":6,"column":36}},"loc":{"start":{"line":6,"column":47},"end":{"line":9,"column":1}},"line":6},"2":{"name":"createUserWithEmailAndPassword","decl":{"start":{"line":11,"column":10},"end":{"line":11,"column":40}},"loc":{"start":{"line":11,"column":51},"end":{"line":14,"column":1}},"line":11},"3":{"name":"signOutFunc","decl":{"start":{"line":16,"column":10},"end":{"line":16,"column":21}},"loc":{"start":{"line":16,"column":24},"end":{"line":19,"column":1}},"line":16}},"branchMap":{},"s":{"0":3,"1":0,"2":6,"3":6,"4":2,"5":2,"6":2,"7":2},"f":{"0":0,"1":6,"2":2,"3":2},"b":{},"_coverageSchema":"332fd63041d2c1bcb487cc26dd0d5f7d97098a6c","hash":"f9ec888ae544b40b517fdcc5258ccf8d919feee0"}
,"/Users/toshi/git/snm-app/src/daos/firebase.js": {"path":"/Users/toshi/git/snm-app/src/daos/firebase.js","statementMap":{"0":{"start":{"line":12,"column":15},"end":{"line":19,"column":1}},"1":{"start":{"line":22,"column":2},"end":{"line":22,"column":33}}},"fnMap":{"0":{"name":"firebaseInit","decl":{"start":{"line":21,"column":16},"end":{"line":21,"column":28}},"loc":{"start":{"line":21,"column":31},"end":{"line":23,"column":1}},"line":21}},"branchMap":{},"s":{"0":3,"1":2},"f":{"0":2},"b":{},"_coverageSchema":"332fd63041d2c1bcb487cc26dd0d5f7d97098a6c","hash":"0cbaa94c674171f49aec4f22ee890d1f3976a609"}
,"/Users/toshi/git/snm-app/src/reducers/authentication.js": {"path":"/Users/toshi/git/snm-app/src/reducers/authentication.js","statementMap":{"0":{"start":{"line":5,"column":21},"end":{"line":9,"column":1}},"1":{"start":{"line":12,"column":38},"end":{"line":15,"column":3}},"2":{"start":{"line":16,"column":40},"end":{"line":20,"column":3}}},"fnMap":{"0":{"name":"(anonymous_0)","decl":{"start":{"line":12,"column":18},"end":{"line":12,"column":19}},"loc":{"start":{"line":12,"column":38},"end":{"line":15,"column":3}},"line":12},"1":{"name":"(anonymous_1)","decl":{"start":{"line":16,"column":20},"end":{"line":16,"column":21}},"loc":{"start":{"line":16,"column":40},"end":{"line":20,"column":3}},"line":16}},"branchMap":{},"s":{"0":1,"1":1,"2":1},"f":{"0":1,"1":1},"b":{},"_coverageSchema":"332fd63041d2c1bcb487cc26dd0d5f7d97098a6c","hash":"6cf0b083b767b21d7e4562251e102ecb448b8976"}
,"/Users/toshi/git/snm-app/src/reducers/main.js": {"path":"/Users/toshi/git/snm-app/src/reducers/main.js","statementMap":{"0":{"start":{"line":4,"column":21},"end":{"line":6,"column":1}},"1":{"start":{"line":9,"column":39},"end":{"line":12,"column":3}}},"fnMap":{"0":{"name":"(anonymous_0)","decl":{"start":{"line":9,"column":19},"end":{"line":9,"column":20}},"loc":{"start":{"line":9,"column":39},"end":{"line":12,"column":3}},"line":9}},"branchMap":{},"s":{"0":1,"1":1},"f":{"0":1},"b":{},"_coverageSchema":"332fd63041d2c1bcb487cc26dd0d5f7d97098a6c","hash":"e5e830e4f671dcd5a81d9d1f3793a41ed903e18f"}
,"/Users/toshi/git/snm-app/src/sagas/authentication.js": {"path":"/Users/toshi/git/snm-app/src/sagas/authentication.js","statementMap":{"0":{"start":{"line":20,"column":15},"end":{"line":20,"column":28}},"1":{"start":{"line":21,"column":2},"end":{"line":23,"column":3}},"2":{"start":{"line":22,"column":4},"end":{"line":22,"column":73}},"3":{"start":{"line":27,"column":2},"end":{"line":37,"column":3}},"4":{"start":{"line":28,"column":21},"end":{"line":28,"column":35}},"5":{"start":{"line":29,"column":17},"end":{"line":29,"column":65}},"6":{"start":{"line":30,"column":4},"end":{"line":30,"column":41}},"7":{"start":{"line":31,"column":4},"end":{"line":31,"column":73}},"8":{"start":{"line":33,"column":4},"end":{"line":36,"column":8}},"9":{"start":{"line":41,"column":2},"end":{"line":51,"column":3}},"10":{"start":{"line":42,"column":21},"end":{"line":42,"column":35}},"11":{"start":{"line":43,"column":17},"end":{"line":43,"column":69}},"12":{"start":{"line":44,"column":4},"end":{"line":44,"column":41}},"13":{"start":{"line":45,"column":4},"end":{"line":45,"column":73}},"14":{"start":{"line":47,"column":4},"end":{"line":50,"column":8}},"15":{"start":{"line":55,"column":2},"end":{"line":64,"column":3}},"16":{"start":{"line":56,"column":4},"end":{"line":56,"column":28}},"17":{"start":{"line":57,"column":4},"end":{"line":57,"column":40}},"18":{"start":{"line":58,"column":4},"end":{"line":58,"column":76}},"19":{"start":{"line":60,"column":4},"end":{"line":63,"column":8}},"20":{"start":{"line":68,"column":2},"end":{"line":68,"column":52}},"21":{"start":{"line":69,"column":2},"end":{"line":69,"column":35}},"22":{"start":{"line":70,"column":2},"end":{"line":70,"column":35}},"23":{"start":{"line":71,"column":2},"end":{"line":71,"column":37}}},"fnMap":{"0":{"name":"getCurrentUser","decl":{"start":{"line":19,"column":10},"end":{"line":19,"column":24}},"loc":{"start":{"line":19,"column":27},"end":{"line":24,"column":1}},"line":19},"1":{"name":"signIn","decl":{"start":{"line":26,"column":17},"end":{"line":26,"column":23}},"loc":{"start":{"line":26,"column":32},"end":{"line":38,"column":1}},"line":26},"2":{"name":"signUp","decl":{"start":{"line":40,"column":17},"end":{"line":40,"column":23}},"loc":{"start":{"line":40,"column":32},"end":{"line":52,"column":1}},"line":40},"3":{"name":"signOut","decl":{"start":{"line":54,"column":17},"end":{"line":54,"column":24}},"loc":{"start":{"line":54,"column":27},"end":{"line":65,"column":1}},"line":54},"4":{"name":"authentication","decl":{"start":{"line":67,"column":25},"end":{"line":67,"column":39}},"loc":{"start":{"line":67,"column":42},"end":{"line":72,"column":1}},"line":67}},"branchMap":{"0":{"loc":{"start":{"line":21,"column":2},"end":{"line":23,"column":3}},"type":"if","locations":[{"start":{"line":21,"column":2},"end":{"line":23,"column":3}},{"start":{"line":21,"column":2},"end":{"line":23,"column":3}}],"line":21}},"s":{"0":0,"1":0,"2":0,"3":5,"4":5,"5":5,"6":1,"7":1,"8":4,"9":1,"10":1,"11":1,"12":0,"13":0,"14":1,"15":1,"16":1,"17":1,"18":1,"19":0,"20":0,"21":0,"22":0,"23":0},"f":{"0":0,"1":5,"2":1,"3":1,"4":0},"b":{"0":[0,0]},"_coverageSchema":"332fd63041d2c1bcb487cc26dd0d5f7d97098a6c","hash":"ec25de23200983ebe2331c7f13d4ffd0243d5d76"}
,"/Users/toshi/git/snm-app/src/sagas/index.js": {"path":"/Users/toshi/git/snm-app/src/sagas/index.js","statementMap":{"0":{"start":{"line":6,"column":2},"end":{"line":6,"column":29}}},"fnMap":{"0":{"name":"rootSaga","decl":{"start":{"line":5,"column":25},"end":{"line":5,"column":33}},"loc":{"start":{"line":5,"column":36},"end":{"line":8,"column":1}},"line":5}},"branchMap":{},"s":{"0":1},"f":{"0":1},"b":{},"_coverageSchema":"332fd63041d2c1bcb487cc26dd0d5f7d97098a6c","hash":"e409a6723c02724ca035c70bb2c21b9a4f5b213f"}
}
