TN:
SF:/Users/toshi/git/snm-app/enzymeSetup.js
FNF:0
FNH:0
DA:1,20
DA:2,20
DA:4,20
LF:3
LH:3
BRF:0
BRH:0
end_of_record
TN:
SF:/Users/toshi/git/snm-app/src/actions/authentication.js
FNF:0
FNH:0
DA:3,8
DA:4,8
DA:6,8
DA:7,8
DA:9,8
DA:10,8
DA:12,8
DA:13,8
DA:15,8
DA:16,8
DA:18,8
DA:19,8
LF:12
LH:12
BRF:0
BRH:0
end_of_record
TN:
SF:/Users/toshi/git/snm-app/src/actions/main.js
FNF:0
FNH:0
DA:3,4
DA:4,4
LF:2
LH:2
BRF:0
BRH:0
end_of_record
TN:
SF:/Users/toshi/git/snm-app/src/common/globalConstants.js
FNF:0
FNH:0
DA:1,10
DA:7,10
DA:8,10
LF:3
LH:3
BRF:0
BRH:0
end_of_record
TN:
SF:/Users/toshi/git/snm-app/src/common/globalStyleConstants.js
FNF:0
FNH:0
DA:1,6
DA:7,6
LF:2
LH:2
BRF:0
BRH:0
end_of_record
TN:
SF:/Users/toshi/git/snm-app/src/components/header/constants.js
FNF:0
FNH:0
DA:1,3
DA:5,3
DA:9,3
LF:3
LH:3
BRF:0
BRH:0
end_of_record
TN:
SF:/Users/toshi/git/snm-app/src/components/header/index.js
FN:20,(anonymous_0)
FN:28,(anonymous_1)
FNF:2
FNH:2
FNDA:2,(anonymous_0)
FNDA:1,(anonymous_1)
DA:21,2
DA:22,2
DA:28,1
LF:3
LH:3
BRF:0
BRH:0
end_of_record
TN:
SF:/Users/toshi/git/snm-app/src/components/header/styles.js
FNF:0
FNH:0
LF:0
LH:0
BRF:0
BRH:0
end_of_record
TN:
SF:/Users/toshi/git/snm-app/src/components/main/index.js
FN:19,(anonymous_0)
FN:24,(anonymous_1)
FN:29,(anonymous_2)
FNF:3
FNH:0
FNDA:0,(anonymous_0)
FNDA:0,(anonymous_1)
FNDA:0,(anonymous_2)
DA:7,1
DA:20,0
DA:21,0
DA:25,0
DA:26,0
DA:30,0
DA:31,0
LF:7
LH:1
BRDA:30,0,0,0
BRDA:30,0,1,0
BRF:2
BRH:0
end_of_record
TN:
SF:/Users/toshi/git/snm-app/src/components/main/map.js
FN:5,(anonymous_0)
FNF:1
FNH:0
FNDA:0,(anonymous_0)
DA:6,0
LF:1
LH:0
BRF:0
BRH:0
end_of_record
TN:
SF:/Users/toshi/git/snm-app/src/components/sideNav/constants.js
FNF:0
FNH:0
DA:1,4
DA:6,4
LF:2
LH:2
BRF:0
BRH:0
end_of_record
TN:
SF:/Users/toshi/git/snm-app/src/components/sideNav/mainMenu.js
FN:11,(anonymous_0)
FN:20,(anonymous_1)
FNF:2
FNH:2
FNDA:2,(anonymous_0)
FNDA:1,(anonymous_1)
DA:12,2
DA:13,2
DA:20,1
LF:3
LH:3
BRF:0
BRH:0
end_of_record
TN:
SF:/Users/toshi/git/snm-app/src/components/signIn/constants.js
FNF:0
FNH:0
DA:1,3
DA:6,3
LF:2
LH:2
BRF:0
BRH:0
end_of_record
TN:
SF:/Users/toshi/git/snm-app/src/components/signIn/index.js
FN:25,(anonymous_0)
FN:30,(anonymous_1)
FN:37,(anonymous_2)
FN:45,(anonymous_3)
FN:56,(anonymous_4)
FN:62,(anonymous_5)
FNF:6
FNH:4
FNDA:2,(anonymous_0)
FNDA:2,(anonymous_1)
FNDA:0,(anonymous_2)
FNDA:0,(anonymous_3)
FNDA:1,(anonymous_4)
FNDA:1,(anonymous_5)
DA:26,2
DA:27,2
DA:31,2
DA:32,2
DA:33,2
DA:37,0
DA:45,0
DA:56,1
DA:62,1
LF:9
LH:7
BRF:0
BRH:0
end_of_record
TN:
SF:/Users/toshi/git/snm-app/src/components/signIn/styles.js
FNF:0
FNH:0
LF:0
LH:0
BRF:0
BRH:0
end_of_record
TN:
SF:/Users/toshi/git/snm-app/src/components/signUp/constants.js
FNF:0
FNH:0
DA:1,3
DA:6,3
LF:2
LH:2
BRF:0
BRH:0
end_of_record
TN:
SF:/Users/toshi/git/snm-app/src/components/signUp/index.js
FN:23,(anonymous_0)
FN:30,(anonymous_1)
FN:38,(anonymous_2)
FN:47,(anonymous_3)
FNF:4
FNH:2
FNDA:2,(anonymous_0)
FNDA:0,(anonymous_1)
FNDA:0,(anonymous_2)
FNDA:1,(anonymous_3)
DA:24,2
DA:25,2
DA:26,2
DA:30,0
DA:38,0
DA:47,1
LF:6
LH:4
BRF:0
BRH:0
end_of_record
TN:
SF:/Users/toshi/git/snm-app/src/components/signUp/styles.js
FNF:0
FNH:0
LF:0
LH:0
BRF:0
BRH:0
end_of_record
TN:
SF:/Users/toshi/git/snm-app/src/containers/header/index.js
FN:5,mapStateToProps
FN:11,mapDispatchToProps
FN:13,(anonymous_2)
FNF:3
FNH:3
FNDA:1,mapStateToProps
FNDA:1,mapDispatchToProps
FNDA:1,(anonymous_2)
DA:6,1
DA:12,1
DA:13,1
LF:3
LH:3
BRF:0
BRH:0
end_of_record
TN:
SF:/Users/toshi/git/snm-app/src/containers/main/index.js
FN:6,mapStateToProps
FN:12,mapDispatchToProps
FN:14,(anonymous_2)
FN:15,(anonymous_3)
FNF:4
FNH:4
FNDA:1,mapStateToProps
FNDA:1,mapDispatchToProps
FNDA:1,(anonymous_2)
FNDA:1,(anonymous_3)
DA:7,1
DA:13,1
DA:14,1
DA:15,1
LF:4
LH:4
BRF:0
BRH:0
end_of_record
TN:
SF:/Users/toshi/git/snm-app/src/containers/sideNav/mainMenu.js
FN:5,mapStateToProps
FN:11,mapDispatchToProps
FN:13,(anonymous_2)
FNF:3
FNH:3
FNDA:1,mapStateToProps
FNDA:1,mapDispatchToProps
FNDA:1,(anonymous_2)
DA:6,1
DA:12,1
DA:13,1
LF:3
LH:3
BRF:0
BRH:0
end_of_record
TN:
SF:/Users/toshi/git/snm-app/src/containers/signIn/index.js
FN:7,mapDispatchToProps
FN:9,(anonymous_1)
FN:10,(anonymous_2)
FN:11,(anonymous_3)
FNF:4
FNH:4
FNDA:1,mapDispatchToProps
FNDA:1,(anonymous_1)
FNDA:1,(anonymous_2)
FNDA:1,(anonymous_3)
DA:8,1
DA:9,1
DA:10,1
DA:11,1
LF:4
LH:4
BRF:0
BRH:0
end_of_record
TN:
SF:/Users/toshi/git/snm-app/src/containers/signUp/index.js
FN:5,mapDispatchToProps
FN:7,(anonymous_1)
FNF:2
FNH:2
FNDA:1,mapDispatchToProps
FNDA:1,(anonymous_1)
DA:6,1
DA:7,1
LF:2
LH:2
BRF:0
BRH:0
end_of_record
TN:
SF:/Users/toshi/git/snm-app/src/daos/authentication.js
FN:4,(anonymous_0)
FN:6,signInWithEmailAndPassword
FN:11,createUserWithEmailAndPassword
FN:16,signOutFunc
FNF:4
FNH:3
FNDA:0,(anonymous_0)
FNDA:6,signInWithEmailAndPassword
FNDA:2,createUserWithEmailAndPassword
FNDA:2,signOutFunc
DA:4,3
DA:7,6
DA:8,6
DA:12,2
DA:13,2
DA:17,2
DA:18,2
LF:7
LH:7
BRF:0
BRH:0
end_of_record
TN:
SF:/Users/toshi/git/snm-app/src/daos/firebase.js
FN:21,firebaseInit
FNF:1
FNH:1
FNDA:2,firebaseInit
DA:12,3
DA:22,2
LF:2
LH:2
BRF:0
BRH:0
end_of_record
TN:
SF:/Users/toshi/git/snm-app/src/reducers/authentication.js
FN:12,(anonymous_0)
FN:16,(anonymous_1)
FNF:2
FNH:2
FNDA:1,(anonymous_0)
FNDA:1,(anonymous_1)
DA:5,1
DA:12,1
DA:16,1
LF:3
LH:3
BRF:0
BRH:0
end_of_record
TN:
SF:/Users/toshi/git/snm-app/src/reducers/main.js
FN:9,(anonymous_0)
FNF:1
FNH:1
FNDA:1,(anonymous_0)
DA:4,1
DA:9,1
LF:2
LH:2
BRF:0
BRH:0
end_of_record
TN:
SF:/Users/toshi/git/snm-app/src/sagas/authentication.js
FN:19,getCurrentUser
FN:26,signIn
FN:40,signUp
FN:54,signOut
FN:67,authentication
FNF:5
FNH:3
FNDA:0,getCurrentUser
FNDA:5,signIn
FNDA:1,signUp
FNDA:1,signOut
FNDA:0,authentication
DA:20,0
DA:21,0
DA:22,0
DA:27,5
DA:28,5
DA:29,5
DA:30,1
DA:31,1
DA:33,4
DA:41,1
DA:42,1
DA:43,1
DA:44,0
DA:45,0
DA:47,1
DA:55,1
DA:56,1
DA:57,1
DA:58,1
DA:60,0
DA:68,0
DA:69,0
DA:70,0
DA:71,0
LF:24
LH:14
BRDA:21,0,0,0
BRDA:21,0,1,0
BRF:2
BRH:0
end_of_record
TN:
SF:/Users/toshi/git/snm-app/src/sagas/index.js
FN:5,rootSaga
FNF:1
FNH:1
FNDA:1,rootSaga
DA:6,1
LF:1
LH:1
BRF:0
BRH:0
end_of_record
